<?xml version="1.0" encoding="UTF-8"?>
<!-- Generated by org.testng.reporters.JUnitXMLReporter -->
<testsuite ignored="0" hostname="Fasalus-MBP-2.home" failures="1" tests="1" name="Validating title in the page" time="9.873" errors="0" timestamp="2022-01-25T19:07:18 CET">
  <testcase classname="automationTest.ValidateTitle" name="getTitle" time="5.582">
    <failure type="java.lang.AssertionError" message="expected [The Sales Hub by Salesforce123] but found [The Sales Hub by Salesforce]">
      <![CDATA[java.lang.AssertionError: expected [The Sales Hub by Salesforce123] but found [The Sales Hub by Salesforce]
at automationTest.ValidateTitle.getTitle(ValidateTitle.java:40)
at java.base/java.util.ArrayList.forEach(ArrayList.java:1511)
at java.base/java.util.concurrent.FutureTask.run(FutureTask.java:264)
at java.base/java.util.concurrent.ThreadPoolExecutor.runWorker(ThreadPoolExecutor.java:1130)
at java.base/java.util.concurrent.ThreadPoolExecutor$Worker.run(ThreadPoolExecutor.java:630)
at java.base/java.lang.Thread.run(Thread.java:831)
... Removed 24 stack frames]]>
    </failure>
  </testcase> <!-- getTitle -->
</testsuite> <!-- Validating title in the page -->
