<?xml version="1.0" encoding="UTF-8"?>
<!-- Generated by org.testng.reporters.JUnitXMLReporter -->
<testsuite ignored="0" hostname="Fasalus-MBP-2.home" failures="0" tests="2" name="Validating navigation bar" time="6.618" errors="0" timestamp="2022-01-25T19:07:15 CET">
  <testcase classname="automationTest.ValidateNavigationBar" name="getNavigationBar" time="3.272"/>
  <testcase classname="automationTest.ValidateNavigationBar" name="validateLogo" time="0.069"/>
</testsuite> <!-- Validating navigation bar -->
