<?xml version="1.0" encoding="UTF-8"?>
<testng-results ignored="0" total="1" passed="1" failed="0" skipped="0">
  <reporter-output>
  </reporter-output>
  <suite started-at="2022-01-24T19:30:06 CET" name="Suite" finished-at="2022-01-24T19:30:06 CET" duration-ms="38">
    <groups>
    </groups>
    <test started-at="2022-01-24T19:30:06 CET" name="App testing" finished-at="2022-01-24T19:30:06 CET" duration-ms="38">
      <class name="automationTest.AppTest">
        <test-method signature="shouldAnswerWithTrue()[pri:0, instance:automationTest.AppTest@5b69fd74]" started-at="2022-01-24T19:30:06 CET" name="shouldAnswerWithTrue" finished-at="2022-01-24T19:30:06 CET" duration-ms="9" status="PASS">
          <reporter-output>
          </reporter-output>
        </test-method> <!-- shouldAnswerWithTrue -->
      </class> <!-- automationTest.AppTest -->
    </test> <!-- App testing -->
  </suite> <!-- Suite -->
</testng-results>
